\BOOKMARK [0][-]{chapter.1}{Introduzione}{}% 1
\BOOKMARK [1][-]{section.1.1}{Accenni\040di\040biologia\040molecolare}{chapter.1}% 2
\BOOKMARK [2][-]{subsection.1.1.1}{DNA\040ed\040RNA}{section.1.1}% 3
\BOOKMARK [2][-]{subsection.1.1.2}{Esoni,\040Introni\040e\040Splicing\040alternativo}{section.1.1}% 4
\BOOKMARK [0][-]{chapter.2}{Preliminari}{}% 5
\BOOKMARK [1][-]{section.2.1}{Formato\040dei\040files}{chapter.2}% 6
\BOOKMARK [2][-]{subsection.2.1.1}{Genoma\040e\040RNA-Seq\040sample}{section.2.1}% 7
\BOOKMARK [2][-]{subsection.2.1.2}{Annotazione}{section.2.1}% 8
\BOOKMARK [2][-]{subsection.2.1.3}{Allineamenti}{section.2.1}% 9
\BOOKMARK [1][-]{section.2.2}{Splicing\040graph}{chapter.2}% 10
\BOOKMARK [2][-]{subsection.2.2.1}{Linearizzazione\040dello\040splicing\040graph}{section.2.2}% 11
\BOOKMARK [1][-]{section.2.3}{Bit\040vector}{chapter.2}% 12
\BOOKMARK [2][-]{subsection.2.3.1}{Rank}{section.2.3}% 13
\BOOKMARK [2][-]{subsection.2.3.2}{Select}{section.2.3}% 14
\BOOKMARK [2][-]{subsection.2.3.3}{Corrispondenza\040tra\040linearizzazione\040e\040bit\040vector}{section.2.3}% 15
\BOOKMARK [1][-]{section.2.4}{Allineamento}{chapter.2}% 16
\BOOKMARK [2][-]{subsection.2.4.1}{Maximal\040Exact\040Matches}{section.2.4}% 17
\BOOKMARK [2][-]{subsection.2.4.2}{MEMs\040graph}{section.2.4}% 18
\BOOKMARK [1][-]{section.2.5}{Pipeline\040di\040ASGAL}{chapter.2}% 19
\BOOKMARK [0][-]{chapter.3}{Metodo}{}% 20
\BOOKMARK [1][-]{section.3.1}{Introduzione\040agli\040strumenti\040usati}{chapter.3}% 21
\BOOKMARK [2][-]{subsection.3.1.1}{Linguaggi\040e\040librerie}{section.3.1}% 22
\BOOKMARK [2][-]{subsection.3.1.2}{Snakemake}{section.3.1}% 23
\BOOKMARK [1][-]{section.3.2}{Riconoscimento\040degli\040Introni}{chapter.3}% 24
\BOOKMARK [2][-]{subsection.3.2.1}{Differenziazione\040dei\040MEMs}{section.3.2}% 25
\BOOKMARK [1][-]{section.3.3}{Costruzione\040del\040MEMs\040graph}{chapter.3}% 26
\BOOKMARK [2][-]{subsection.3.3.1}{Lista\040dei\040MEMs\040intronici}{section.3.3}% 27
\BOOKMARK [2][-]{subsection.3.3.2}{Estensione\040del\040MEMs\040graph\040esonico}{section.3.3}% 28
\BOOKMARK [2][-]{subsection.3.3.3}{Costruzione\040del\040MEMs\040graph\040intronico}{section.3.3}% 29
\BOOKMARK [1][-]{section.3.4}{Ultimi\040passaggi}{chapter.3}% 30
\BOOKMARK [2][-]{subsection.3.4.1}{Creazione\040del\040file\040SAM}{section.3.4}% 31
\BOOKMARK [0][-]{chapter.4}{Risultati}{}% 32
\BOOKMARK [1][-]{section.4.1}{Script\040per\040lo\040studio\040dei\040risultati}{chapter.4}% 33
\BOOKMARK [1][-]{section.4.2}{Analisi\040dei\040risultati}{chapter.4}% 34
\BOOKMARK [2][-]{subsection.4.2.1}{Visualizzazione\040con\040IGV}{section.4.2}% 35
\BOOKMARK [2][-]{subsection.4.2.2}{Sperimentazione\040mediante\040Snakemake}{section.4.2}% 36
\BOOKMARK [2][-]{subsection.4.2.3}{\376\377\000C\000o\000n\000f\000r\000o\000n\000t\000o\000\040\000d\000e\000l\000l\000a\000\040\000q\000u\000a\000l\000i\000t\000\340\000\040\000d\000e\000i\000\040\000r\000i\000s\000u\000l\000t\000a\000t\000i}{section.4.2}% 37
\BOOKMARK [1][-]{section.4.3}{Confronto\040delle\040performances}{chapter.4}% 38
\BOOKMARK [2][-]{subsection.4.3.1}{Tabelle\040riassuntive\040dei\040risultati}{section.4.3}% 39
\BOOKMARK [0][-]{chapter.5}{Conclusioni}{}% 40
\BOOKMARK [0][-]{chapter.5}{Bibliografia\040e\040sitografia}{}% 41
